Bad Checksum - idPage: 0, tyPage: 0, iPage: 0
Source      : C:\Users\BradC\Documents\GitHub\Dashboard\WebUI\App_Data\DataContext.mdf
Destination : C:\Users\BradC\AppData\Local\Temp\sqlED3E.tmp
Repairing - verMajor: 1, verMinor: 0, verBuild: 0, verPoint: 0
Time - 2013-20-03 11:26:55.427
Database format in database header page is corrupt (or not a database file)
Bad Checksum - idPage: 0, tyPage: 0, iPage: 35
Bad Checksum - idPage: 2, tyPage: 0, iPage: 24
Bad Checksum - idPage: 3, tyPage: 0, iPage: 63
Bad Checksum - idPage: 4, tyPage: 0, iPage: 341
Bad Checksum - idPage: 10, tyPage: 0, iPage: 215
Bad Checksum - idPage: 12, tyPage: 0, iPage: 347
Bad Checksum - idPage: 16, tyPage: 0, iPage: 81
Bad Checksum - idPage: 32, tyPage: 0, iPage: 431
Bad Checksum - idPage: 54, tyPage: 0, iPage: 171
Bad Checksum - idPage: 67, tyPage: 0, iPage: 281
Bad Checksum - idPage: 96, tyPage: 0, iPage: 87
Bad Checksum - idPage: 108, tyPage: 7, iPage: 417
Bad Checksum - idPage: 115, tyPage: 7, iPage: 481
Bad Checksum - idPage: 256, tyPage: 0, iPage: 69
Bad Checksum - idPage: 512, tyPage: 0, iPage: 132
Bad Checksum - idPage: 514, tyPage: 0, iPage: 124
Bad Checksum - idPage: 518, tyPage: 0, iPage: 64
Bad Checksum - idPage: 1062, tyPage: 0, iPage: 473
Bad Checksum - idPage: 1398, tyPage: 0, iPage: 105
Bad Checksum - idPage: 1536, tyPage: 0, iPage: 295
Bad Checksum - idPage: 2778, tyPage: 0, iPage: 127
Bad Checksum - idPage: 4096, tyPage: 0, iPage: 277
Bad Checksum - idPage: 4224, tyPage: 0, iPage: 135
Bad Checksum - idPage: 8192, tyPage: 0, iPage: 123
Bad Checksum - idPage: 10240, tyPage: 0, iPage: 149
Bad Checksum - idPage: 11776, tyPage: 0, iPage: 17
Bad Checksum - idPage: 16256, tyPage: 0, iPage: 57
Bad Checksum - idPage: 16896, tyPage: 0, iPage: 230
Bad Checksum - idPage: 20480, tyPage: 2, iPage: 381
Bad Checksum - idPage: 25856, tyPage: 0, iPage: 97
Bad Checksum - idPage: 26624, tyPage: 0, iPage: 107
Bad Checksum - idPage: 29184, tyPage: 0, iPage: 95
Bad Checksum - idPage: 29440, tyPage: 0, iPage: 249
Bad Checksum - idPage: 33280, tyPage: 0, iPage: 172
Bad Checksum - idPage: 40947, tyPage: 0, iPage: 379
Bad Checksum - idPage: 49664, tyPage: 0, iPage: 74
Bad Checksum - idPage: 64151, tyPage: 11, iPage: 385
Bad Checksum - idPage: 65536, tyPage: 4, iPage: 265
Bad Checksum - idPage: 65538, tyPage: 0, iPage: 60
Bad Checksum - idPage: 65631, tyPage: 6, iPage: 359
Bad Checksum - idPage: 65652, tyPage: 6, iPage: 329
Bad Checksum - idPage: 65654, tyPage: 6, iPage: 237
Bad Checksum - idPage: 66048, tyPage: 0, iPage: 322
Bad Checksum - idPage: 66050, tyPage: 0, iPage: 58
Bad Checksum - idPage: 74017, tyPage: 2, iPage: 175
Bad Checksum - idPage: 82432, tyPage: 0, iPage: 174
Bad Checksum - idPage: 98304, tyPage: 0, iPage: 115
Bad Checksum - idPage: 98816, tyPage: 0, iPage: 490
Bad Checksum - idPage: 114690, tyPage: 0, iPage: 126
Bad Checksum - idPage: 115200, tyPage: 0, iPage: 100
Bad Checksum - idPage: 128303, tyPage: 0, iPage: 405
Bad Checksum - idPage: 130055, tyPage: 0, iPage: 445
Bad Checksum - idPage: 131073, tyPage: 7, iPage: 233
Bad Checksum - idPage: 131181, tyPage: 6, iPage: 471
Bad Checksum - idPage: 131584, tyPage: 0, iPage: 328
Bad Checksum - idPage: 164352, tyPage: 0, iPage: 292
Bad Checksum - idPage: 180736, tyPage: 0, iPage: 68
Bad Checksum - idPage: 196608, tyPage: 0, iPage: 299
Bad Checksum - idPage: 196616, tyPage: 1, iPage: 121
Bad Checksum - idPage: 196670, tyPage: 7, iPage: 361
Bad Checksum - idPage: 196703, tyPage: 6, iPage: 469
Bad Checksum - idPage: 196708, tyPage: 6, iPage: 427
Bad Checksum - idPage: 196713, tyPage: 6, iPage: 397
Bad Checksum - idPage: 196714, tyPage: 7, iPage: 351
Bad Checksum - idPage: 196716, tyPage: 7, iPage: 253
Bad Checksum - idPage: 196723, tyPage: 6, iPage: 415
Bad Checksum - idPage: 196727, tyPage: 7, iPage: 333
Bad Checksum - idPage: 196729, tyPage: 7, iPage: 393
Bad Checksum - idPage: 196944, tyPage: 15, iPage: 377
Bad Checksum - idPage: 197120, tyPage: 0, iPage: 390
Bad Checksum - idPage: 197122, tyPage: 0, iPage: 62
Bad Checksum - idPage: 229888, tyPage: 0, iPage: 330
Bad Checksum - idPage: 262144, tyPage: 15, iPage: 483
Bad Checksum - idPage: 262182, tyPage: 0, iPage: 409
Bad Checksum - idPage: 262239, tyPage: 7, iPage: 389
Bad Checksum - idPage: 262241, tyPage: 6, iPage: 231
Bad Checksum - idPage: 262245, tyPage: 7, iPage: 403
Bad Checksum - idPage: 262249, tyPage: 7, iPage: 419
Bad Checksum - idPage: 262252, tyPage: 5, iPage: 435
Bad Checksum - idPage: 262255, tyPage: 6, iPage: 375
Bad Checksum - idPage: 262259, tyPage: 7, iPage: 443
Bad Checksum - idPage: 262260, tyPage: 6, iPage: 433
Bad Checksum - idPage: 262400, tyPage: 11, iPage: 367
Bad Checksum - idPage: 262656, tyPage: 0, iPage: 364
Bad Checksum - idPage: 274236, tyPage: 6, iPage: 257
Bad Checksum - idPage: 295424, tyPage: 0, iPage: 450
Bad Checksum - idPage: 327791, tyPage: 7, iPage: 391
Bad Checksum - idPage: 327794, tyPage: 6, iPage: 285
Bad Checksum - idPage: 327796, tyPage: 6, iPage: 401
Bad Checksum - idPage: 355681, tyPage: 6, iPage: 125
Bad Checksum - idPage: 393319, tyPage: 2, iPage: 399
Bad Checksum - idPage: 393330, tyPage: 7, iPage: 423
Bad Checksum - idPage: 393331, tyPage: 2, iPage: 355
Bad Checksum - idPage: 428754, tyPage: 5, iPage: 353
Bad Checksum - idPage: 458753, tyPage: 5, iPage: 119
Bad Checksum - idPage: 458849, tyPage: 6, iPage: 467
Bad Checksum - idPage: 458866, tyPage: 6, iPage: 425
Bad Checksum - idPage: 524288, tyPage: 3, iPage: 311
Bad Checksum - idPage: 589840, tyPage: 1, iPage: 195
Bad Checksum - idPage: 589928, tyPage: 6, iPage: 323
Bad Checksum - idPage: 589938, tyPage: 7, iPage: 349
Bad Checksum - idPage: 589940, tyPage: 6, iPage: 109
Bad Checksum - idPage: 720995, tyPage: 6, iPage: 371
Bad Checksum - idPage: 786432, tyPage: 15, iPage: 441
Bad Checksum - idPage: 786433, tyPage: 4, iPage: 241
Bad Checksum - idPage: 786543, tyPage: 6, iPage: 357
Bad Checksum - idPage: 786544, tyPage: 6, iPage: 411
Bad Checksum - idPage: 796160, tyPage: 4, iPage: 165
Bad Checksum - idPage: 852016, tyPage: 2, iPage: 227
Bad Checksum - idPage: 852224, tyPage: 3, iPage: 449
Bad Checksum - idPage: 917605, tyPage: 6, iPage: 439
Bad Checksum - idPage: 917609, tyPage: 6, iPage: 413
Bad Checksum - idPage: 917613, tyPage: 6, iPage: 485
Bad Checksum - idPage: 983137, tyPage: 5, iPage: 497
Bad Checksum - idPage: 983145, tyPage: 6, iPage: 383
Bad Checksum - idPage: 983148, tyPage: 6, iPage: 437
Bad Checksum - idPage: 983152, tyPage: 5, iPage: 447
Bad Checksum - idPage: 983552, tyPage: 15, iPage: 90
Bad Checksum - idPage: 1048575, tyPage: 15, iPage: 5
